<?xml version="1.0" encoding="UTF-8"?>
<!-- Generated by org.testng.reporters.JUnitReportReporter -->
<testsuite hostname="LAPTOP-C2H4F96L" failures="0" tests="2" name="com.google.tests.RegisteredCustomersTest" time="15.832" errors="0" timestamp="2023-08-24T03:20:03 EDT" skipped="0">
  <testcase classname="com.google.tests.RegisteredCustomersTest" name="validateForgotPassword" time="7.648"/>
  <system-out/>
  <testcase classname="com.google.tests.RegisteredCustomersTest" name="validateLogin" time="8.184"/>
  <system-out/>
</testsuite> <!-- com.google.tests.RegisteredCustomersTest -->
