<?xml version="1.0" encoding="UTF-8"?>
<!-- Generated by org.testng.reporters.JUnitReportReporter -->
<testsuite hostname="LAPTOP-C2H4F96L" failures="0" tests="1" name="com.google.tests.GoogleSearchTest" time="2.265" errors="0" timestamp="2023-08-23T19:35:17 EDT" skipped="0">
  <testcase classname="com.google.tests.GoogleSearchTest" name="validateGoogleResult" time="2.265"/>
  <system-out/>
</testsuite> <!-- com.google.tests.GoogleSearchTest -->
